{"/Users/elk0124/projects/jest-fuzzing/src/index.ts": {"path":"/Users/elk0124/projects/jest-fuzzing/src/index.ts","statementMap":{"0":{"start":{"line":1,"column":0},"end":{"line":1,"column":24}}},"fnMap":{},"branchMap":{},"s":{"0":1},"f":{},"b":{}}
,"/Users/elk0124/projects/jest-fuzzing/src/utils/index.ts": {"path":"/Users/elk0124/projects/jest-fuzzing/src/utils/index.ts","statementMap":{"0":{"start":{"line":1,"column":0},"end":{"line":1,"column":23}}},"fnMap":{},"branchMap":{},"s":{"0":1},"f":{},"b":{}}
,"/Users/elk0124/projects/jest-fuzzing/src/utils/math.ts": {"path":"/Users/elk0124/projects/jest-fuzzing/src/utils/math.ts","statementMap":{"0":{"start":{"line":2,"column":4},"end":{"line":2,"column":17}},"1":{"start":{"line":1,"column":0},"end":{"line":1,"column":16}},"2":{"start":{"line":6,"column":14},"end":{"line":6,"column":15}},"3":{"start":{"line":7,"column":4},"end":{"line":9,"column":null}},"4":{"start":{"line":8,"column":8},"end":{"line":8,"column":22}},"5":{"start":{"line":10,"column":4},"end":{"line":10,"column":15}},"6":{"start":{"line":5,"column":0},"end":{"line":5,"column":16}}},"fnMap":{"0":{"name":"addTwo","decl":{"start":{"line":1,"column":16},"end":{"line":1,"column":22}},"loc":{"start":{"line":1,"column":43},"end":{"line":3,"column":1}}},"1":{"name":"sumNumbers","decl":{"start":{"line":5,"column":16},"end":{"line":5,"column":26}},"loc":{"start":{"line":5,"column":44},"end":{"line":11,"column":1}}}},"branchMap":{},"s":{"0":1,"1":1,"2":2,"3":2,"4":5,"5":2,"6":1},"f":{"0":1,"1":2},"b":{}}
}
